d:\학습폴더\cjh_project\chjproject\rockman\x64\debug\vc141.pdb
d:\학습폴더\cjh_project\chjproject\rockman\x64\debug\vc141.idb
d:\학습폴더\cjh_project\chjproject\rockman\x64\debug\ui.obj
d:\학습폴더\cjh_project\chjproject\rockman\x64\debug\startscreen.obj
d:\학습폴더\cjh_project\chjproject\rockman\x64\debug\spritemap.obj
d:\학습폴더\cjh_project\chjproject\rockman\x64\debug\player.obj
d:\학습폴더\cjh_project\chjproject\rockman\x64\debug\stage.obj
d:\학습폴더\cjh_project\chjproject\rockman\x64\debug\engine.obj
d:\학습폴더\cjh_project\chjproject\rockman\x64\debug\jh_fsm.obj
d:\학습폴더\cjh_project\chjproject\rockman\x64\debug\jh_finitestate.obj
d:\학습폴더\cjh_project\chjproject\rockman\x64\debug\jh_attackaction.obj
d:\학습폴더\cjh_project\chjproject\rockman\x64\debug\jh_standaction.obj
d:\학습폴더\cjh_project\chjproject\rockman\x64\debug\guststage.obj
d:\학습폴더\cjh_project\chjproject\rockman\x64\debug\enemy.obj
d:\학습폴더\cjh_project\chjproject\rockman\x64\debug\effect.obj
d:\학습폴더\cjh_project\chjproject\rockman\x64\debug\rockman.tlog\cl.command.1.tlog
d:\학습폴더\cjh_project\chjproject\rockman\x64\debug\rockman.tlog\cl.read.1.tlog
d:\학습폴더\cjh_project\chjproject\rockman\x64\debug\rockman.tlog\cl.write.1.tlog
d:\학습폴더\cjh_project\chjproject\rockman\x64\debug\rockman.tlog\link.command.1.tlog
d:\학습폴더\cjh_project\chjproject\rockman\x64\debug\rockman.tlog\link.read.1.tlog
d:\학습폴더\cjh_project\chjproject\rockman\x64\debug\rockman.tlog\link.write.1.tlog
